2025-11-30 20:14:32,223 - INFO - Entering dashboard index route
2025-11-30 20:14:32,275 - INFO - Current hour: 20
2025-11-30 20:14:32,276 - INFO - Raw Chart Data - Labels: ['00:00', '01:00', '02:00', '03:00', '04:00', '05:00', '06:00', '07:00', '08:00', '09:00', '10:00', '11:00', '12:00', '13:00', '14:00', '15:00', '16:00', '17:00', '18:00', '19:00', '20:00', '21:00', '22:00', '23:00']
2025-11-30 20:14:32,277 - INFO - Raw Chart Data - Entries: [0, 0, 0, 0, 0, 0, 0, 0, 0, 0, 0, 0, 0, 0, 0, 0, 0, 0, 0, 4, 0, 0, 0, 0]
2025-11-30 20:14:32,278 - INFO - Raw Chart Data - Exits: [0, 0, 0, 0, 0, 0, 0, 0, 0, 0, 0, 0, 0, 0, 0, 0, 0, 0, 0, 4, 0, 0, 0, 0]
2025-11-30 20:14:32,278 - INFO - Entry data for hour 20: 0
2025-11-30 20:14:32,279 - INFO - Exit data for hour 20: 0
2025-11-30 20:14:32,281 - INFO - JSON validation successful
2025-11-30 20:14:32,282 - INFO - JSON Chart Data - Labels: ["00:00", "01:00", "02:00", "03:00", "04:00", "05:00", "06:00", "07:00", "08:00", "09:00", "10:00", "11:00", "12:00", "13:00", "14:00", "15:00", "16:00", "17:00", "18:00", "19:00", "20:00", "21:00", "22:00", "23:00"]
2025-11-30 20:14:32,284 - INFO - JSON Chart Data - Entries: [0, 0, 0, 0, 0, 0, 0, 0, 0, 0, 0, 0, 0, 0, 0, 0, 0, 0, 0, 4, 0, 0, 0, 0]
2025-11-30 20:14:32,285 - INFO - JSON Chart Data - Exits: [0, 0, 0, 0, 0, 0, 0, 0, 0, 0, 0, 0, 0, 0, 0, 0, 0, 0, 0, 4, 0, 0, 0, 0]
2025-11-30 20:14:32,294 - INFO - Rendering dashboard template
2025-11-30 20:21:11,018 - INFO - Entering dashboard index route
2025-11-30 20:21:11,075 - INFO - Current hour: 20
2025-11-30 20:21:11,075 - INFO - Raw Chart Data - Labels: ['00:00', '01:00', '02:00', '03:00', '04:00', '05:00', '06:00', '07:00', '08:00', '09:00', '10:00', '11:00', '12:00', '13:00', '14:00', '15:00', '16:00', '17:00', '18:00', '19:00', '20:00', '21:00', '22:00', '23:00']
2025-11-30 20:21:11,076 - INFO - Raw Chart Data - Entries: [0, 0, 0, 0, 0, 0, 0, 0, 0, 0, 0, 0, 0, 0, 0, 0, 0, 0, 0, 4, 0, 0, 0, 0]
2025-11-30 20:21:11,076 - INFO - Raw Chart Data - Exits: [0, 0, 0, 0, 0, 0, 0, 0, 0, 0, 0, 0, 0, 0, 0, 0, 0, 0, 0, 4, 0, 0, 0, 0]
2025-11-30 20:21:11,077 - INFO - Entry data for hour 20: 0
2025-11-30 20:21:11,077 - INFO - Exit data for hour 20: 0
2025-11-30 20:21:11,078 - INFO - JSON validation successful
2025-11-30 20:21:11,078 - INFO - JSON Chart Data - Labels: ["00:00", "01:00", "02:00", "03:00", "04:00", "05:00", "06:00", "07:00", "08:00", "09:00", "10:00", "11:00", "12:00", "13:00", "14:00", "15:00", "16:00", "17:00", "18:00", "19:00", "20:00", "21:00", "22:00", "23:00"]
2025-11-30 20:21:11,079 - INFO - JSON Chart Data - Entries: [0, 0, 0, 0, 0, 0, 0, 0, 0, 0, 0, 0, 0, 0, 0, 0, 0, 0, 0, 4, 0, 0, 0, 0]
2025-11-30 20:21:11,079 - INFO - JSON Chart Data - Exits: [0, 0, 0, 0, 0, 0, 0, 0, 0, 0, 0, 0, 0, 0, 0, 0, 0, 0, 0, 4, 0, 0, 0, 0]
2025-11-30 20:21:11,085 - INFO - Rendering dashboard template
2025-11-30 20:21:23,720 - INFO - Entering dashboard index route
2025-11-30 20:21:23,734 - INFO - Current hour: 20
2025-11-30 20:21:23,735 - INFO - Raw Chart Data - Labels: ['00:00', '01:00', '02:00', '03:00', '04:00', '05:00', '06:00', '07:00', '08:00', '09:00', '10:00', '11:00', '12:00', '13:00', '14:00', '15:00', '16:00', '17:00', '18:00', '19:00', '20:00', '21:00', '22:00', '23:00']
2025-11-30 20:21:23,737 - INFO - Raw Chart Data - Entries: [0, 0, 0, 0, 0, 0, 0, 0, 0, 0, 0, 0, 0, 0, 0, 0, 0, 0, 0, 4, 0, 0, 0, 0]
2025-11-30 20:21:23,738 - INFO - Raw Chart Data - Exits: [0, 0, 0, 0, 0, 0, 0, 0, 0, 0, 0, 0, 0, 0, 0, 0, 0, 0, 0, 4, 0, 0, 0, 0]
2025-11-30 20:21:23,739 - INFO - Entry data for hour 20: 0
2025-11-30 20:21:23,740 - INFO - Exit data for hour 20: 0
2025-11-30 20:21:23,741 - INFO - JSON validation successful
2025-11-30 20:21:23,742 - INFO - JSON Chart Data - Labels: ["00:00", "01:00", "02:00", "03:00", "04:00", "05:00", "06:00", "07:00", "08:00", "09:00", "10:00", "11:00", "12:00", "13:00", "14:00", "15:00", "16:00", "17:00", "18:00", "19:00", "20:00", "21:00", "22:00", "23:00"]
2025-11-30 20:21:23,743 - INFO - JSON Chart Data - Entries: [0, 0, 0, 0, 0, 0, 0, 0, 0, 0, 0, 0, 0, 0, 0, 0, 0, 0, 0, 4, 0, 0, 0, 0]
2025-11-30 20:21:23,744 - INFO - JSON Chart Data - Exits: [0, 0, 0, 0, 0, 0, 0, 0, 0, 0, 0, 0, 0, 0, 0, 0, 0, 0, 0, 4, 0, 0, 0, 0]
2025-11-30 20:21:23,748 - INFO - Rendering dashboard template
