2025-12-01 18:40:46,429 - INFO - Entering dashboard index route
2025-12-01 18:40:46,461 - INFO - Current hour: 18
2025-12-01 18:40:46,461 - INFO - Raw Chart Data - Labels: ['00:00', '01:00', '02:00', '03:00', '04:00', '05:00', '06:00', '07:00', '08:00', '09:00', '10:00', '11:00', '12:00', '13:00', '14:00', '15:00', '16:00', '17:00', '18:00', '19:00', '20:00', '21:00', '22:00', '23:00']
2025-12-01 18:40:46,461 - INFO - Raw Chart Data - Entries: [0, 0, 0, 0, 0, 0, 0, 0, 0, 0, 0, 0, 0, 0, 0, 0, 0, 0, 0, 0, 0, 0, 0, 0]
2025-12-01 18:40:46,461 - INFO - Raw Chart Data - Exits: [0, 0, 0, 0, 0, 0, 0, 0, 0, 0, 0, 0, 0, 0, 0, 0, 0, 0, 0, 0, 0, 0, 0, 0]
2025-12-01 18:40:46,461 - INFO - Entry data for hour 18: 0
2025-12-01 18:40:46,461 - INFO - Exit data for hour 18: 0
2025-12-01 18:40:46,469 - INFO - JSON validation successful
2025-12-01 18:40:46,469 - INFO - JSON Chart Data - Labels: ["00:00", "01:00", "02:00", "03:00", "04:00", "05:00", "06:00", "07:00", "08:00", "09:00", "10:00", "11:00", "12:00", "13:00", "14:00", "15:00", "16:00", "17:00", "18:00", "19:00", "20:00", "21:00", "22:00", "23:00"]
2025-12-01 18:40:46,469 - INFO - JSON Chart Data - Entries: [0, 0, 0, 0, 0, 0, 0, 0, 0, 0, 0, 0, 0, 0, 0, 0, 0, 0, 0, 0, 0, 0, 0, 0]
2025-12-01 18:40:46,469 - INFO - JSON Chart Data - Exits: [0, 0, 0, 0, 0, 0, 0, 0, 0, 0, 0, 0, 0, 0, 0, 0, 0, 0, 0, 0, 0, 0, 0, 0]
2025-12-01 18:40:46,477 - INFO - Rendering dashboard template
2025-12-01 18:40:57,629 - INFO - Entering dashboard index route
2025-12-01 18:40:57,637 - INFO - Current hour: 18
2025-12-01 18:40:57,637 - INFO - Raw Chart Data - Labels: ['00:00', '01:00', '02:00', '03:00', '04:00', '05:00', '06:00', '07:00', '08:00', '09:00', '10:00', '11:00', '12:00', '13:00', '14:00', '15:00', '16:00', '17:00', '18:00', '19:00', '20:00', '21:00', '22:00', '23:00']
2025-12-01 18:40:57,637 - INFO - Raw Chart Data - Entries: [0, 0, 0, 0, 0, 0, 0, 0, 0, 0, 0, 0, 0, 0, 0, 0, 0, 0, 0, 0, 0, 0, 0, 0]
2025-12-01 18:40:57,637 - INFO - Raw Chart Data - Exits: [0, 0, 0, 0, 0, 0, 0, 0, 0, 0, 0, 0, 0, 0, 0, 0, 0, 0, 0, 0, 0, 0, 0, 0]
2025-12-01 18:40:57,637 - INFO - Entry data for hour 18: 0
2025-12-01 18:40:57,637 - INFO - Exit data for hour 18: 0
2025-12-01 18:40:57,637 - INFO - JSON validation successful
2025-12-01 18:40:57,637 - INFO - JSON Chart Data - Labels: ["00:00", "01:00", "02:00", "03:00", "04:00", "05:00", "06:00", "07:00", "08:00", "09:00", "10:00", "11:00", "12:00", "13:00", "14:00", "15:00", "16:00", "17:00", "18:00", "19:00", "20:00", "21:00", "22:00", "23:00"]
2025-12-01 18:40:57,645 - INFO - JSON Chart Data - Entries: [0, 0, 0, 0, 0, 0, 0, 0, 0, 0, 0, 0, 0, 0, 0, 0, 0, 0, 0, 0, 0, 0, 0, 0]
2025-12-01 18:40:57,645 - INFO - JSON Chart Data - Exits: [0, 0, 0, 0, 0, 0, 0, 0, 0, 0, 0, 0, 0, 0, 0, 0, 0, 0, 0, 0, 0, 0, 0, 0]
2025-12-01 18:40:57,645 - INFO - Rendering dashboard template
